C:\USERS\AMR\DROPBOX\GPS\MASTERS\THESIS\MYCODEREPO-W-\GVM\GVM\DEBUG\GVM.PCH
C:\USERS\AMR\DROPBOX\GPS\MASTERS\THESIS\MYCODEREPO-W-\GVM\GVM\DEBUG\STDAFX.OBJ
C:\USERS\AMR\DROPBOX\GPS\MASTERS\THESIS\MYCODEREPO-W-\GVM\GVM\DEBUG\VC110.PDB
C:\USERS\AMR\DROPBOX\GPS\MASTERS\THESIS\MYCODEREPO-W-\GVM\GVM\DEBUG\CONTEXT.OBJ
C:\USERS\AMR\DROPBOX\GPS\MASTERS\THESIS\MYCODEREPO-W-\GVM\GVM\DEBUG\CORE.OBJ
C:\USERS\AMR\DROPBOX\GPS\MASTERS\THESIS\MYCODEREPO-W-\GVM\GVM\DEBUG\DATUM.OBJ
C:\USERS\AMR\DROPBOX\GPS\MASTERS\THESIS\MYCODEREPO-W-\GVM\GVM\DEBUG\GVM.OBJ
C:\USERS\AMR\DROPBOX\GPS\MASTERS\THESIS\MYCODEREPO-W-\GVM\GVM\DEBUG\CREATE_STRUCTURE_STMT.OBJ
C:\USERS\AMR\DROPBOX\GPS\MASTERS\THESIS\MYCODEREPO-W-\GVM\GVM\DEBUG\PARSER.OBJ
C:\USERS\AMR\DROPBOX\GPS\MASTERS\THESIS\MYCODEREPO-W-\GVM\GVM\DEBUG\IMEMORY.OBJ
C:\USERS\AMR\DROPBOX\GPS\MASTERS\THESIS\MYCODEREPO-W-\GVM\GVM\DEBUG\INSTRUCTION.OBJ
C:\USERS\AMR\DROPBOX\GPS\MASTERS\THESIS\MYCODEREPO-W-\GVM\GVM\DEBUG\MATCHINGUNIT.OBJ
C:\USERS\AMR\DROPBOX\GPS\MASTERS\THESIS\MYCODEREPO-W-\GVM\GVM\DEBUG\NATIVES.OBJ
C:\USERS\AMR\DROPBOX\GPS\MASTERS\THESIS\MYCODEREPO-W-\GVM\GVM\DEBUG\SCHEDULER.OBJ
C:\USERS\AMR\DROPBOX\GPS\MASTERS\THESIS\MYCODEREPO-W-\GVM\GVM\DEBUG\TAG.OBJ
C:\USERS\AMR\DROPBOX\GPS\MASTERS\THESIS\MYCODEREPO-W-\GVM\GVM\DEBUG\TOKEN.OBJ
C:\USERS\AMR\DROPBOX\GPS\MASTERS\THESIS\MYCODEREPO-W-\GVM\GVM\DEBUG\TOKENDISPATCHER.OBJ
C:\USERS\AMR\DROPBOX\GPS\MASTERS\THESIS\MYCODEREPO-W-\GVM\GVM\DEBUG\TOKENIZER.OBJ
C:\USERS\AMR\DROPBOX\GPS\MASTERS\THESIS\MYCODEREPO-W-\GVM\DEBUG\GVM.ILK
C:\USERS\AMR\DROPBOX\GPS\MASTERS\THESIS\MYCODEREPO-W-\GVM\DEBUG\GVM.EXE
C:\USERS\AMR\DROPBOX\GPS\MASTERS\THESIS\MYCODEREPO-W-\GVM\DEBUG\GVM.PDB
C:\USERS\AMR\DROPBOX\GPS\MASTERS\THESIS\MYCODEREPO-W-\GVM\GVM\DEBUG\GVM.RES
C:\Users\Amr\Dropbox\GPS\Masters\Thesis\MyCodeRepo-W-\GVM\GVM\Debug\Context.obj
C:\Users\Amr\Dropbox\GPS\Masters\Thesis\MyCodeRepo-W-\GVM\GVM\Debug\Core.obj
C:\Users\Amr\Dropbox\GPS\Masters\Thesis\MyCodeRepo-W-\GVM\GVM\Debug\Create_Structure_stmt.obj
C:\Users\Amr\Dropbox\GPS\Masters\Thesis\MyCodeRepo-W-\GVM\GVM\Debug\Datum.obj
C:\Users\Amr\Dropbox\GPS\Masters\Thesis\MyCodeRepo-W-\GVM\GVM\Debug\GVM.obj
C:\Users\Amr\Dropbox\GPS\Masters\Thesis\MyCodeRepo-W-\GVM\GVM\Debug\IMemory.obj
C:\Users\Amr\Dropbox\GPS\Masters\Thesis\MyCodeRepo-W-\GVM\GVM\Debug\Instruction.obj
C:\Users\Amr\Dropbox\GPS\Masters\Thesis\MyCodeRepo-W-\GVM\GVM\Debug\MatchingUnit.obj
C:\Users\Amr\Dropbox\GPS\Masters\Thesis\MyCodeRepo-W-\GVM\GVM\Debug\Natives.obj
C:\Users\Amr\Dropbox\GPS\Masters\Thesis\MyCodeRepo-W-\GVM\GVM\Debug\parser.obj
C:\Users\Amr\Dropbox\GPS\Masters\Thesis\MyCodeRepo-W-\GVM\GVM\Debug\Scheduler.obj
C:\Users\Amr\Dropbox\GPS\Masters\Thesis\MyCodeRepo-W-\GVM\GVM\Debug\stdafx.obj
C:\Users\Amr\Dropbox\GPS\Masters\Thesis\MyCodeRepo-W-\GVM\GVM\Debug\Tag.obj
C:\Users\Amr\Dropbox\GPS\Masters\Thesis\MyCodeRepo-W-\GVM\GVM\Debug\Token.obj
C:\Users\Amr\Dropbox\GPS\Masters\Thesis\MyCodeRepo-W-\GVM\GVM\Debug\TokenDispatcher.obj
C:\Users\Amr\Dropbox\GPS\Masters\Thesis\MyCodeRepo-W-\GVM\GVM\Debug\Tokenizer.obj
C:\Users\Amr\Dropbox\GPS\Masters\Thesis\MyCodeRepo-W-\GVM\GVM\Debug\cl.command.1.tlog
C:\Users\Amr\Dropbox\GPS\Masters\Thesis\MyCodeRepo-W-\GVM\GVM\Debug\CL.read.1.tlog
C:\Users\Amr\Dropbox\GPS\Masters\Thesis\MyCodeRepo-W-\GVM\GVM\Debug\CL.write.1.tlog
C:\Users\Amr\Dropbox\GPS\Masters\Thesis\MyCodeRepo-W-\GVM\GVM\Debug\link-cvtres.read.1.tlog
C:\Users\Amr\Dropbox\GPS\Masters\Thesis\MyCodeRepo-W-\GVM\GVM\Debug\link-cvtres.write.1.tlog
C:\Users\Amr\Dropbox\GPS\Masters\Thesis\MyCodeRepo-W-\GVM\GVM\Debug\link-rc.read.1.tlog
C:\Users\Amr\Dropbox\GPS\Masters\Thesis\MyCodeRepo-W-\GVM\GVM\Debug\link-rc.write.1.tlog
C:\Users\Amr\Dropbox\GPS\Masters\Thesis\MyCodeRepo-W-\GVM\GVM\Debug\link.1904-cvtres.read.1.tlog
C:\Users\Amr\Dropbox\GPS\Masters\Thesis\MyCodeRepo-W-\GVM\GVM\Debug\link.1904-cvtres.write.1.tlog
C:\Users\Amr\Dropbox\GPS\Masters\Thesis\MyCodeRepo-W-\GVM\GVM\Debug\link.1904-rc.read.1.tlog
C:\Users\Amr\Dropbox\GPS\Masters\Thesis\MyCodeRepo-W-\GVM\GVM\Debug\link.1904-rc.write.1.tlog
C:\Users\Amr\Dropbox\GPS\Masters\Thesis\MyCodeRepo-W-\GVM\GVM\Debug\link.1904.read.1.tlog
C:\Users\Amr\Dropbox\GPS\Masters\Thesis\MyCodeRepo-W-\GVM\GVM\Debug\link.1904.write.1.tlog
C:\Users\Amr\Dropbox\GPS\Masters\Thesis\MyCodeRepo-W-\GVM\GVM\Debug\link.4360-cvtres.read.1.tlog
C:\Users\Amr\Dropbox\GPS\Masters\Thesis\MyCodeRepo-W-\GVM\GVM\Debug\link.4360-cvtres.write.1.tlog
C:\Users\Amr\Dropbox\GPS\Masters\Thesis\MyCodeRepo-W-\GVM\GVM\Debug\link.4360-rc.read.1.tlog
C:\Users\Amr\Dropbox\GPS\Masters\Thesis\MyCodeRepo-W-\GVM\GVM\Debug\link.4360-rc.write.1.tlog
C:\Users\Amr\Dropbox\GPS\Masters\Thesis\MyCodeRepo-W-\GVM\GVM\Debug\link.4360.read.1.tlog
C:\Users\Amr\Dropbox\GPS\Masters\Thesis\MyCodeRepo-W-\GVM\GVM\Debug\link.4360.write.1.tlog
C:\Users\Amr\Dropbox\GPS\Masters\Thesis\MyCodeRepo-W-\GVM\GVM\Debug\link.4492-cvtres.read.1.tlog
C:\Users\Amr\Dropbox\GPS\Masters\Thesis\MyCodeRepo-W-\GVM\GVM\Debug\link.4492-cvtres.write.1.tlog
C:\Users\Amr\Dropbox\GPS\Masters\Thesis\MyCodeRepo-W-\GVM\GVM\Debug\link.4492-rc.read.1.tlog
C:\Users\Amr\Dropbox\GPS\Masters\Thesis\MyCodeRepo-W-\GVM\GVM\Debug\link.4492-rc.write.1.tlog
C:\Users\Amr\Dropbox\GPS\Masters\Thesis\MyCodeRepo-W-\GVM\GVM\Debug\link.4492.read.1.tlog
C:\Users\Amr\Dropbox\GPS\Masters\Thesis\MyCodeRepo-W-\GVM\GVM\Debug\link.4492.write.1.tlog
C:\Users\Amr\Dropbox\GPS\Masters\Thesis\MyCodeRepo-W-\GVM\GVM\Debug\link.4952-cvtres.read.1.tlog
C:\Users\Amr\Dropbox\GPS\Masters\Thesis\MyCodeRepo-W-\GVM\GVM\Debug\link.4952-cvtres.write.1.tlog
C:\Users\Amr\Dropbox\GPS\Masters\Thesis\MyCodeRepo-W-\GVM\GVM\Debug\link.4952-rc.read.1.tlog
C:\Users\Amr\Dropbox\GPS\Masters\Thesis\MyCodeRepo-W-\GVM\GVM\Debug\link.4952-rc.write.1.tlog
C:\Users\Amr\Dropbox\GPS\Masters\Thesis\MyCodeRepo-W-\GVM\GVM\Debug\link.4952.read.1.tlog
C:\Users\Amr\Dropbox\GPS\Masters\Thesis\MyCodeRepo-W-\GVM\GVM\Debug\link.4952.write.1.tlog
C:\Users\Amr\Dropbox\GPS\Masters\Thesis\MyCodeRepo-W-\GVM\GVM\Debug\link.5244-cvtres.read.1.tlog
C:\Users\Amr\Dropbox\GPS\Masters\Thesis\MyCodeRepo-W-\GVM\GVM\Debug\link.5244-cvtres.write.1.tlog
C:\Users\Amr\Dropbox\GPS\Masters\Thesis\MyCodeRepo-W-\GVM\GVM\Debug\link.5244-rc.read.1.tlog
C:\Users\Amr\Dropbox\GPS\Masters\Thesis\MyCodeRepo-W-\GVM\GVM\Debug\link.5244-rc.write.1.tlog
C:\Users\Amr\Dropbox\GPS\Masters\Thesis\MyCodeRepo-W-\GVM\GVM\Debug\link.5244.read.1.tlog
C:\Users\Amr\Dropbox\GPS\Masters\Thesis\MyCodeRepo-W-\GVM\GVM\Debug\link.5244.write.1.tlog
C:\Users\Amr\Dropbox\GPS\Masters\Thesis\MyCodeRepo-W-\GVM\GVM\Debug\link.5320-cvtres.read.1.tlog
C:\Users\Amr\Dropbox\GPS\Masters\Thesis\MyCodeRepo-W-\GVM\GVM\Debug\link.5320-cvtres.write.1.tlog
C:\Users\Amr\Dropbox\GPS\Masters\Thesis\MyCodeRepo-W-\GVM\GVM\Debug\link.5320-rc.read.1.tlog
C:\Users\Amr\Dropbox\GPS\Masters\Thesis\MyCodeRepo-W-\GVM\GVM\Debug\link.5320-rc.write.1.tlog
C:\Users\Amr\Dropbox\GPS\Masters\Thesis\MyCodeRepo-W-\GVM\GVM\Debug\link.5320.read.1.tlog
C:\Users\Amr\Dropbox\GPS\Masters\Thesis\MyCodeRepo-W-\GVM\GVM\Debug\link.5320.write.1.tlog
C:\Users\Amr\Dropbox\GPS\Masters\Thesis\MyCodeRepo-W-\GVM\GVM\Debug\link.5372-cvtres.read.1.tlog
C:\Users\Amr\Dropbox\GPS\Masters\Thesis\MyCodeRepo-W-\GVM\GVM\Debug\link.5372-cvtres.write.1.tlog
C:\Users\Amr\Dropbox\GPS\Masters\Thesis\MyCodeRepo-W-\GVM\GVM\Debug\link.5372-rc.read.1.tlog
C:\Users\Amr\Dropbox\GPS\Masters\Thesis\MyCodeRepo-W-\GVM\GVM\Debug\link.5372-rc.write.1.tlog
C:\Users\Amr\Dropbox\GPS\Masters\Thesis\MyCodeRepo-W-\GVM\GVM\Debug\link.5372.read.1.tlog
C:\Users\Amr\Dropbox\GPS\Masters\Thesis\MyCodeRepo-W-\GVM\GVM\Debug\link.5372.write.1.tlog
C:\Users\Amr\Dropbox\GPS\Masters\Thesis\MyCodeRepo-W-\GVM\GVM\Debug\link.5416-cvtres.read.1.tlog
C:\Users\Amr\Dropbox\GPS\Masters\Thesis\MyCodeRepo-W-\GVM\GVM\Debug\link.5416-cvtres.write.1.tlog
C:\Users\Amr\Dropbox\GPS\Masters\Thesis\MyCodeRepo-W-\GVM\GVM\Debug\link.5416-rc.read.1.tlog
C:\Users\Amr\Dropbox\GPS\Masters\Thesis\MyCodeRepo-W-\GVM\GVM\Debug\link.5416-rc.write.1.tlog
C:\Users\Amr\Dropbox\GPS\Masters\Thesis\MyCodeRepo-W-\GVM\GVM\Debug\link.5416.read.1.tlog
C:\Users\Amr\Dropbox\GPS\Masters\Thesis\MyCodeRepo-W-\GVM\GVM\Debug\link.5416.write.1.tlog
C:\Users\Amr\Dropbox\GPS\Masters\Thesis\MyCodeRepo-W-\GVM\GVM\Debug\link.544-cvtres.read.1.tlog
C:\Users\Amr\Dropbox\GPS\Masters\Thesis\MyCodeRepo-W-\GVM\GVM\Debug\link.544-cvtres.write.1.tlog
C:\Users\Amr\Dropbox\GPS\Masters\Thesis\MyCodeRepo-W-\GVM\GVM\Debug\link.544-rc.read.1.tlog
C:\Users\Amr\Dropbox\GPS\Masters\Thesis\MyCodeRepo-W-\GVM\GVM\Debug\link.544-rc.write.1.tlog
C:\Users\Amr\Dropbox\GPS\Masters\Thesis\MyCodeRepo-W-\GVM\GVM\Debug\link.544.read.1.tlog
C:\Users\Amr\Dropbox\GPS\Masters\Thesis\MyCodeRepo-W-\GVM\GVM\Debug\link.544.write.1.tlog
C:\Users\Amr\Dropbox\GPS\Masters\Thesis\MyCodeRepo-W-\GVM\GVM\Debug\link.5628-cvtres.read.1.tlog
C:\Users\Amr\Dropbox\GPS\Masters\Thesis\MyCodeRepo-W-\GVM\GVM\Debug\link.5628-cvtres.write.1.tlog
C:\Users\Amr\Dropbox\GPS\Masters\Thesis\MyCodeRepo-W-\GVM\GVM\Debug\link.5628-rc.read.1.tlog
C:\Users\Amr\Dropbox\GPS\Masters\Thesis\MyCodeRepo-W-\GVM\GVM\Debug\link.5628-rc.write.1.tlog
C:\Users\Amr\Dropbox\GPS\Masters\Thesis\MyCodeRepo-W-\GVM\GVM\Debug\link.5628.read.1.tlog
C:\Users\Amr\Dropbox\GPS\Masters\Thesis\MyCodeRepo-W-\GVM\GVM\Debug\link.5628.write.1.tlog
C:\Users\Amr\Dropbox\GPS\Masters\Thesis\MyCodeRepo-W-\GVM\GVM\Debug\link.5928-cvtres.read.1.tlog
C:\Users\Amr\Dropbox\GPS\Masters\Thesis\MyCodeRepo-W-\GVM\GVM\Debug\link.5928-cvtres.write.1.tlog
C:\Users\Amr\Dropbox\GPS\Masters\Thesis\MyCodeRepo-W-\GVM\GVM\Debug\link.5928-rc.read.1.tlog
C:\Users\Amr\Dropbox\GPS\Masters\Thesis\MyCodeRepo-W-\GVM\GVM\Debug\link.5928-rc.write.1.tlog
C:\Users\Amr\Dropbox\GPS\Masters\Thesis\MyCodeRepo-W-\GVM\GVM\Debug\link.5928.read.1.tlog
C:\Users\Amr\Dropbox\GPS\Masters\Thesis\MyCodeRepo-W-\GVM\GVM\Debug\link.5928.write.1.tlog
C:\Users\Amr\Dropbox\GPS\Masters\Thesis\MyCodeRepo-W-\GVM\GVM\Debug\link.5944-cvtres.read.1.tlog
C:\Users\Amr\Dropbox\GPS\Masters\Thesis\MyCodeRepo-W-\GVM\GVM\Debug\link.5944-cvtres.write.1.tlog
C:\Users\Amr\Dropbox\GPS\Masters\Thesis\MyCodeRepo-W-\GVM\GVM\Debug\link.5944-rc.read.1.tlog
C:\Users\Amr\Dropbox\GPS\Masters\Thesis\MyCodeRepo-W-\GVM\GVM\Debug\link.5944-rc.write.1.tlog
C:\Users\Amr\Dropbox\GPS\Masters\Thesis\MyCodeRepo-W-\GVM\GVM\Debug\link.5944.read.1.tlog
C:\Users\Amr\Dropbox\GPS\Masters\Thesis\MyCodeRepo-W-\GVM\GVM\Debug\link.5944.write.1.tlog
C:\Users\Amr\Dropbox\GPS\Masters\Thesis\MyCodeRepo-W-\GVM\GVM\Debug\link.5952-cvtres.read.1.tlog
C:\Users\Amr\Dropbox\GPS\Masters\Thesis\MyCodeRepo-W-\GVM\GVM\Debug\link.5952-cvtres.write.1.tlog
C:\Users\Amr\Dropbox\GPS\Masters\Thesis\MyCodeRepo-W-\GVM\GVM\Debug\link.5952-rc.read.1.tlog
C:\Users\Amr\Dropbox\GPS\Masters\Thesis\MyCodeRepo-W-\GVM\GVM\Debug\link.5952-rc.write.1.tlog
C:\Users\Amr\Dropbox\GPS\Masters\Thesis\MyCodeRepo-W-\GVM\GVM\Debug\link.5952.read.1.tlog
C:\Users\Amr\Dropbox\GPS\Masters\Thesis\MyCodeRepo-W-\GVM\GVM\Debug\link.5952.write.1.tlog
C:\Users\Amr\Dropbox\GPS\Masters\Thesis\MyCodeRepo-W-\GVM\GVM\Debug\link.6184-cvtres.read.1.tlog
C:\Users\Amr\Dropbox\GPS\Masters\Thesis\MyCodeRepo-W-\GVM\GVM\Debug\link.6184-cvtres.write.1.tlog
C:\Users\Amr\Dropbox\GPS\Masters\Thesis\MyCodeRepo-W-\GVM\GVM\Debug\link.6184-rc.read.1.tlog
C:\Users\Amr\Dropbox\GPS\Masters\Thesis\MyCodeRepo-W-\GVM\GVM\Debug\link.6184-rc.write.1.tlog
C:\Users\Amr\Dropbox\GPS\Masters\Thesis\MyCodeRepo-W-\GVM\GVM\Debug\link.6184.read.1.tlog
C:\Users\Amr\Dropbox\GPS\Masters\Thesis\MyCodeRepo-W-\GVM\GVM\Debug\link.6184.write.1.tlog
C:\Users\Amr\Dropbox\GPS\Masters\Thesis\MyCodeRepo-W-\GVM\GVM\Debug\link.6544-cvtres.read.1.tlog
C:\Users\Amr\Dropbox\GPS\Masters\Thesis\MyCodeRepo-W-\GVM\GVM\Debug\link.6544-cvtres.write.1.tlog
C:\Users\Amr\Dropbox\GPS\Masters\Thesis\MyCodeRepo-W-\GVM\GVM\Debug\link.6544-rc.read.1.tlog
C:\Users\Amr\Dropbox\GPS\Masters\Thesis\MyCodeRepo-W-\GVM\GVM\Debug\link.6544-rc.write.1.tlog
C:\Users\Amr\Dropbox\GPS\Masters\Thesis\MyCodeRepo-W-\GVM\GVM\Debug\link.6544.read.1.tlog
C:\Users\Amr\Dropbox\GPS\Masters\Thesis\MyCodeRepo-W-\GVM\GVM\Debug\link.6544.write.1.tlog
C:\Users\Amr\Dropbox\GPS\Masters\Thesis\MyCodeRepo-W-\GVM\GVM\Debug\link.7484-cvtres.read.1.tlog
C:\Users\Amr\Dropbox\GPS\Masters\Thesis\MyCodeRepo-W-\GVM\GVM\Debug\link.7484-cvtres.write.1.tlog
C:\Users\Amr\Dropbox\GPS\Masters\Thesis\MyCodeRepo-W-\GVM\GVM\Debug\link.7484-rc.read.1.tlog
C:\Users\Amr\Dropbox\GPS\Masters\Thesis\MyCodeRepo-W-\GVM\GVM\Debug\link.7484-rc.write.1.tlog
C:\Users\Amr\Dropbox\GPS\Masters\Thesis\MyCodeRepo-W-\GVM\GVM\Debug\link.7484.read.1.tlog
C:\Users\Amr\Dropbox\GPS\Masters\Thesis\MyCodeRepo-W-\GVM\GVM\Debug\link.7484.write.1.tlog
C:\Users\Amr\Dropbox\GPS\Masters\Thesis\MyCodeRepo-W-\GVM\GVM\Debug\link.8076-cvtres.read.1.tlog
C:\Users\Amr\Dropbox\GPS\Masters\Thesis\MyCodeRepo-W-\GVM\GVM\Debug\link.8076-cvtres.write.1.tlog
C:\Users\Amr\Dropbox\GPS\Masters\Thesis\MyCodeRepo-W-\GVM\GVM\Debug\link.8076-rc.read.1.tlog
C:\Users\Amr\Dropbox\GPS\Masters\Thesis\MyCodeRepo-W-\GVM\GVM\Debug\link.8076-rc.write.1.tlog
C:\Users\Amr\Dropbox\GPS\Masters\Thesis\MyCodeRepo-W-\GVM\GVM\Debug\link.8076.read.1.tlog
C:\Users\Amr\Dropbox\GPS\Masters\Thesis\MyCodeRepo-W-\GVM\GVM\Debug\link.8076.write.1.tlog
C:\Users\Amr\Dropbox\GPS\Masters\Thesis\MyCodeRepo-W-\GVM\GVM\Debug\link.8184-cvtres.read.1.tlog
C:\Users\Amr\Dropbox\GPS\Masters\Thesis\MyCodeRepo-W-\GVM\GVM\Debug\link.8184-cvtres.write.1.tlog
C:\Users\Amr\Dropbox\GPS\Masters\Thesis\MyCodeRepo-W-\GVM\GVM\Debug\link.8184-rc.read.1.tlog
C:\Users\Amr\Dropbox\GPS\Masters\Thesis\MyCodeRepo-W-\GVM\GVM\Debug\link.8184-rc.write.1.tlog
C:\Users\Amr\Dropbox\GPS\Masters\Thesis\MyCodeRepo-W-\GVM\GVM\Debug\link.8184.read.1.tlog
C:\Users\Amr\Dropbox\GPS\Masters\Thesis\MyCodeRepo-W-\GVM\GVM\Debug\link.8184.write.1.tlog
C:\Users\Amr\Dropbox\GPS\Masters\Thesis\MyCodeRepo-W-\GVM\GVM\Debug\link.8456-cvtres.read.1.tlog
C:\Users\Amr\Dropbox\GPS\Masters\Thesis\MyCodeRepo-W-\GVM\GVM\Debug\link.8456-cvtres.write.1.tlog
C:\Users\Amr\Dropbox\GPS\Masters\Thesis\MyCodeRepo-W-\GVM\GVM\Debug\link.8456-rc.read.1.tlog
C:\Users\Amr\Dropbox\GPS\Masters\Thesis\MyCodeRepo-W-\GVM\GVM\Debug\link.8456-rc.write.1.tlog
C:\Users\Amr\Dropbox\GPS\Masters\Thesis\MyCodeRepo-W-\GVM\GVM\Debug\link.8456.read.1.tlog
C:\Users\Amr\Dropbox\GPS\Masters\Thesis\MyCodeRepo-W-\GVM\GVM\Debug\link.8456.write.1.tlog
C:\Users\Amr\Dropbox\GPS\Masters\Thesis\MyCodeRepo-W-\GVM\GVM\Debug\link.8580-cvtres.read.1.tlog
C:\Users\Amr\Dropbox\GPS\Masters\Thesis\MyCodeRepo-W-\GVM\GVM\Debug\link.8580-cvtres.write.1.tlog
C:\Users\Amr\Dropbox\GPS\Masters\Thesis\MyCodeRepo-W-\GVM\GVM\Debug\link.8580-rc.read.1.tlog
C:\Users\Amr\Dropbox\GPS\Masters\Thesis\MyCodeRepo-W-\GVM\GVM\Debug\link.8580-rc.write.1.tlog
C:\Users\Amr\Dropbox\GPS\Masters\Thesis\MyCodeRepo-W-\GVM\GVM\Debug\link.8580.read.1.tlog
C:\Users\Amr\Dropbox\GPS\Masters\Thesis\MyCodeRepo-W-\GVM\GVM\Debug\link.8580.write.1.tlog
C:\Users\Amr\Dropbox\GPS\Masters\Thesis\MyCodeRepo-W-\GVM\GVM\Debug\link.command.1.tlog
C:\Users\Amr\Dropbox\GPS\Masters\Thesis\MyCodeRepo-W-\GVM\GVM\Debug\link.read.1.tlog
C:\Users\Amr\Dropbox\GPS\Masters\Thesis\MyCodeRepo-W-\GVM\GVM\Debug\link.write.1.tlog
C:\Users\Amr\Dropbox\GPS\Masters\Thesis\MyCodeRepo-W-\GVM\GVM\Debug\rc.command.1.tlog
C:\Users\Amr\Dropbox\GPS\Masters\Thesis\MyCodeRepo-W-\GVM\GVM\Debug\rc.read.1.tlog
C:\Users\Amr\Dropbox\GPS\Masters\Thesis\MyCodeRepo-W-\GVM\GVM\Debug\rc.write.1.tlog
C:\Users\Amr\Dropbox\GPS\Masters\Thesis\MyCodeRepo-W-\GVM\GVM\Debug\GVM.res
C:\Users\Amr\Dropbox\GPS\Masters\Thesis\MyCodeRepo-W-\GVM\GVM\Debug\GVM.pch
C:\Users\Amr\Dropbox\GPS\Masters\Thesis\MyCodeRepo-W-\GVM\GVM\Debug\vc110.idb
C:\Users\Amr\Dropbox\GPS\Masters\Thesis\MyCodeRepo-W-\GVM\GVM\Debug\vc110.pdb
C:\Users\Amr\Dropbox\GPS\Masters\Thesis\MyCodeRepo-W-\GVM\Debug\GVM.pdb
C:\Users\Amr\Dropbox\GPS\Masters\Thesis\MyCodeRepo-W-\GVM\Debug\GVM.exe
C:\Users\Amr\Dropbox\GPS\Masters\Thesis\MyCodeRepo-W-\GVM\Debug\GVM.ilk
